<?xml version="1.0" encoding="UTF-8"?>
<testsuites>
    <testsuite name="login-on-the-web-arkademy.com;verify-login-on-arkademy.com-features-with-invalid-data-email-and-password-existing-user" tests="7" failures="0" skipped="0">
        <properties>
            <property name="URI" value="E:/loginarkademy/features/login-invalid.feature">
            </property>
        </properties>
        <testcase name="Given user browse invalid Login page" classname="login-on-the-web-arkademy.com;verify-login-on-arkademy.com-features-with-invalid-data-email-and-password-existing-user" time="0.0005649">
        </testcase>
        <testcase name="And user access invalid Login page" classname="login-on-the-web-arkademy.com;verify-login-on-arkademy.com-features-with-invalid-data-email-and-password-existing-user" time="0.0002685">
        </testcase>
        <testcase name="And user fill invalid email field" classname="login-on-the-web-arkademy.com;verify-login-on-arkademy.com-features-with-invalid-data-email-and-password-existing-user" time="0.0003605">
        </testcase>
        <testcase name="And user fill invalid password field" classname="login-on-the-web-arkademy.com;verify-login-on-arkademy.com-features-with-invalid-data-email-and-password-existing-user" time="0.0001827">
        </testcase>
        <testcase name="And user click invalid checkbox" classname="login-on-the-web-arkademy.com;verify-login-on-arkademy.com-features-with-invalid-data-email-and-password-existing-user" time="0.0002237">
        </testcase>
        <testcase name="When user invalid click sign" classname="login-on-the-web-arkademy.com;verify-login-on-arkademy.com-features-with-invalid-data-email-and-password-existing-user" time="0.0002704">
        </testcase>
        <testcase name="Then Login invalid" classname="login-on-the-web-arkademy.com;verify-login-on-arkademy.com-features-with-invalid-data-email-and-password-existing-user" time="0.0010352">
        </testcase>
    </testsuite>
    <testsuite name="login-on-the-web-arkademy.com;verify-login-on-arkademy.com-features-with-invalid-data-email-existing-user" tests="7" failures="0" skipped="0">
        <properties>
            <property name="URI" value="E:/loginarkademy/features/login-invalid2.feature">
            </property>
        </properties>
        <testcase name="Given user browse invalidd2 Login page" classname="login-on-the-web-arkademy.com;verify-login-on-arkademy.com-features-with-invalid-data-email-existing-user" time="0.0002564">
        </testcase>
        <testcase name="And user access invalid2 Login page" classname="login-on-the-web-arkademy.com;verify-login-on-arkademy.com-features-with-invalid-data-email-existing-user" time="0.000205">
        </testcase>
        <testcase name="And user fill invalid2 email field" classname="login-on-the-web-arkademy.com;verify-login-on-arkademy.com-features-with-invalid-data-email-existing-user" time="0.0001041">
        </testcase>
        <testcase name="And user fill invalid2 password field" classname="login-on-the-web-arkademy.com;verify-login-on-arkademy.com-features-with-invalid-data-email-existing-user" time="0.0000917">
        </testcase>
        <testcase name="And user click invalid2 checkbox" classname="login-on-the-web-arkademy.com;verify-login-on-arkademy.com-features-with-invalid-data-email-existing-user" time="0.000088">
        </testcase>
        <testcase name="When user invalid2 click sign" classname="login-on-the-web-arkademy.com;verify-login-on-arkademy.com-features-with-invalid-data-email-existing-user" time="0.0001356">
        </testcase>
        <testcase name="Then Login invalid2" classname="login-on-the-web-arkademy.com;verify-login-on-arkademy.com-features-with-invalid-data-email-existing-user" time="0.0001684">
        </testcase>
    </testsuite>
    <testsuite name="login-on-the-web-arkademy.com;verify-login-on-arkademy.com-features-with-invalid-data-email-existing-user" tests="7" failures="0" skipped="0">
        <properties>
            <property name="URI" value="E:/loginarkademy/features/login-invalid3.feature">
            </property>
        </properties>
        <testcase name="Given user browse invalidd3 Login page" classname="login-on-the-web-arkademy.com;verify-login-on-arkademy.com-features-with-invalid-data-email-existing-user" time="0.0002837">
        </testcase>
        <testcase name="And user access invalid3 Login page" classname="login-on-the-web-arkademy.com;verify-login-on-arkademy.com-features-with-invalid-data-email-existing-user" time="0.0001971">
        </testcase>
        <testcase name="And user fill invalid3 email field" classname="login-on-the-web-arkademy.com;verify-login-on-arkademy.com-features-with-invalid-data-email-existing-user" time="0.0000924">
        </testcase>
        <testcase name="And user fill invalid3 password field" classname="login-on-the-web-arkademy.com;verify-login-on-arkademy.com-features-with-invalid-data-email-existing-user" time="0.0000903">
        </testcase>
        <testcase name="And user click invalid3 checkbox" classname="login-on-the-web-arkademy.com;verify-login-on-arkademy.com-features-with-invalid-data-email-existing-user" time="0.0002442">
        </testcase>
        <testcase name="When user invalid3 click sign" classname="login-on-the-web-arkademy.com;verify-login-on-arkademy.com-features-with-invalid-data-email-existing-user" time="0.0002499">
        </testcase>
        <testcase name="Then Login invalid3" classname="login-on-the-web-arkademy.com;verify-login-on-arkademy.com-features-with-invalid-data-email-existing-user" time="0.0003828">
        </testcase>
    </testsuite>
    <testsuite name="login-on-the-web-arkademy.com;verify-login-on-arkademy.com-features-with-valid-data-existing-user" tests="7" failures="0" skipped="0">
        <properties>
            <property name="URI" value="E:/loginarkademy/features/login-valid.feature">
            </property>
        </properties>
        <testcase name="Given user browse Login page" classname="login-on-the-web-arkademy.com;verify-login-on-arkademy.com-features-with-valid-data-existing-user" time="0.0002195">
        </testcase>
        <testcase name="And user access Login page" classname="login-on-the-web-arkademy.com;verify-login-on-arkademy.com-features-with-valid-data-existing-user" time="0.000399">
        </testcase>
        <testcase name="And user fill email field" classname="login-on-the-web-arkademy.com;verify-login-on-arkademy.com-features-with-valid-data-existing-user" time="0.000198">
        </testcase>
        <testcase name="And user fill password field" classname="login-on-the-web-arkademy.com;verify-login-on-arkademy.com-features-with-valid-data-existing-user" time="0.0002115">
        </testcase>
        <testcase name="And user click checkbox" classname="login-on-the-web-arkademy.com;verify-login-on-arkademy.com-features-with-valid-data-existing-user" time="0.0001029">
        </testcase>
        <testcase name="When user click sign" classname="login-on-the-web-arkademy.com;verify-login-on-arkademy.com-features-with-valid-data-existing-user" time="0.000196">
        </testcase>
        <testcase name="Then Login success" classname="login-on-the-web-arkademy.com;verify-login-on-arkademy.com-features-with-valid-data-existing-user" time="0.0001869">
        </testcase>
    </testsuite>
</testsuites>