<?xml version="1.0" encoding="UTF-8"?>
<testsuites>
    <testsuite name="register-on-the-web;user-access-register-on-arkademy.com" tests="10" failures="0" skipped="0">
        <properties>
            <property name="URI" value="F:/job/DTI/arkademy-register/features/register-invalid.feature">
            </property>
        </properties>
        <testcase name="Given user browse register pages" classname="register-on-the-web;user-access-register-on-arkademy.com" time="0.0022343">
        </testcase>
        <testcase name="And user access register pages" classname="register-on-the-web;user-access-register-on-arkademy.com" time="0.0010016">
        </testcase>
        <testcase name="And user fill name field with numeric" classname="register-on-the-web;user-access-register-on-arkademy.com" time="0.0009553">
        </testcase>
        <testcase name="And user fill invalid e-mail field" classname="register-on-the-web;user-access-register-on-arkademy.com" time="0.0012447">
        </testcase>
        <testcase name="And user fill phones field" classname="register-on-the-web;user-access-register-on-arkademy.com" time="0.0006546">
        </testcase>
        <testcase name="And user fill pass field less than eight character" classname="register-on-the-web;user-access-register-on-arkademy.com" time="0.0003817">
        </testcase>
        <testcase name="And user fill confirm pass field more than eight character" classname="register-on-the-web;user-access-register-on-arkademy.com" time="0.0005696">
        </testcase>
        <testcase name="And user click checkbox syarat ketentuan" classname="register-on-the-web;user-access-register-on-arkademy.com" time="0.000715">
        </testcase>
        <testcase name="When user click daftar" classname="register-on-the-web;user-access-register-on-arkademy.com" time="0.0006137">
        </testcase>
        <testcase name="Then register failed" classname="register-on-the-web;user-access-register-on-arkademy.com" time="0.0021459">
        </testcase>
    </testsuite>
    <testsuite name="register-on-the-web;user-access-register-on-arkademy" tests="10" failures="0" skipped="0">
        <properties>
            <property name="URI" value="F:/job/DTI/arkademy-register/features/register.feature">
            </property>
        </properties>
        <testcase name="Given user browse register page" classname="register-on-the-web;user-access-register-on-arkademy" time="0.000955">
        </testcase>
        <testcase name="And user access register page" classname="register-on-the-web;user-access-register-on-arkademy" time="0.0004233">
        </testcase>
        <testcase name="And user fill name field" classname="register-on-the-web;user-access-register-on-arkademy" time="0.0004583">
        </testcase>
        <testcase name="And user fill email field" classname="register-on-the-web;user-access-register-on-arkademy" time="0.0002298">
        </testcase>
        <testcase name="And user fill phone field" classname="register-on-the-web;user-access-register-on-arkademy" time="0.000484">
        </testcase>
        <testcase name="And user fill password field" classname="register-on-the-web;user-access-register-on-arkademy" time="0.0003836">
        </testcase>
        <testcase name="And user fill confirm password field" classname="register-on-the-web;user-access-register-on-arkademy" time="0.0003346">
        </testcase>
        <testcase name="And user click checkbox" classname="register-on-the-web;user-access-register-on-arkademy" time="0.0002454">
        </testcase>
        <testcase name="When user click sign" classname="register-on-the-web;user-access-register-on-arkademy" time="0.0003985">
        </testcase>
        <testcase name="Then register success" classname="register-on-the-web;user-access-register-on-arkademy" time="0.0004117">
        </testcase>
    </testsuite>
</testsuites>